  Assignment.cpp
c:\users\student\desktop\assignment v5\tutorial 1\assignment.cpp(214): warning C4267: 'initializing': conversion from 'size_t' to 'int', possible loss of data
c:\users\student\desktop\assignment v5\tutorial 1\assignment.cpp(307): warning C4244: 'argument': conversion from 'float' to 'const _Ty', possible loss of data
          with
          [
              _Ty=cl_int
          ]
c:\users\student\desktop\assignment v5\tutorial 1\assignment.cpp(327): warning C4244: 'initializing': conversion from 'double' to 'float', possible loss of data
c:\users\student\desktop\assignment v5\tutorial 1\assignment.cpp(203): warning C4996: 'freopen': This function or variable may be unsafe. Consider using freopen_s instead. To disable deprecation, use _CRT_SECURE_NO_WARNINGS. See online help for details.
  c:\program files (x86)\windows kits\10\include\10.0.10240.0\ucrt\stdio.h(240): note: see declaration of 'freopen'
c:\program files (x86)\microsoft visual studio\2017\community\vc\tools\msvc\14.16.27023\include\xmemory0(881): warning C4244: 'initializing': conversion from '_Ty' to '_Objty', possible loss of data
          with
          [
              _Ty=int
          ]
          and
          [
              _Objty=float
          ]
  c:\program files (x86)\microsoft visual studio\2017\community\vc\tools\msvc\14.16.27023\include\xmemory(164): note: see reference to function template instantiation 'void std::_Default_allocator_traits<_Alloc>::construct<_Ty,int&>(_Alloc &,_Objty *const ,int &)' being compiled
          with
          [
              _Alloc=std::allocator<float>,
              _Ty=float,
              _Objty=float
          ]
  c:\program files (x86)\microsoft visual studio\2017\community\vc\tools\msvc\14.16.27023\include\xmemory(164): note: see reference to function template instantiation 'void std::_Default_allocator_traits<_Alloc>::construct<_Ty,int&>(_Alloc &,_Objty *const ,int &)' being compiled
          with
          [
              _Alloc=std::allocator<float>,
              _Ty=float,
              _Objty=float
          ]
  c:\program files (x86)\microsoft visual studio\2017\community\vc\tools\msvc\14.16.27023\include\xmemory(190): note: see reference to function template instantiation 'void std::_Uninitialized_backout_al<_FwdIt,_Alloc>::_Emplace_back<_Ty&>(_Ty &)' being compiled
          with
          [
              _FwdIt=float *,
              _Alloc=std::allocator<float>,
              _Ty=int
          ]
  c:\program files (x86)\microsoft visual studio\2017\community\vc\tools\msvc\14.16.27023\include\xmemory(190): note: see reference to function template instantiation 'void std::_Uninitialized_backout_al<_FwdIt,_Alloc>::_Emplace_back<_Ty&>(_Ty &)' being compiled
          with
          [
              _FwdIt=float *,
              _Alloc=std::allocator<float>,
              _Ty=int
          ]
  c:\program files (x86)\microsoft visual studio\2017\community\vc\tools\msvc\14.16.27023\include\xmemory(217): note: see reference to function template instantiation '_FwdIt std::_Uninitialized_copy_al_unchecked<_Ty*,float*,_Alloc>(_InIt,const _InIt,const _FwdIt,_Alloc &,std::_General_ptr_iterator_tag,std::_Any_tag)' being compiled
          with
          [
              _FwdIt=float *,
              _Ty=int,
              _Alloc=std::allocator<float>,
              _InIt=int *
          ]
  c:\program files (x86)\microsoft visual studio\2017\community\vc\tools\msvc\14.16.27023\include\vector(1823): note: see reference to function template instantiation '_FwdIt *std::_Uninitialized_copy<_Iter,float*,std::allocator<_Ty>>(const _InIt,const _InIt,_FwdIt,_Alloc &)' being compiled
          with
          [
              _FwdIt=float *,
              _Iter=int *,
              _Ty=float,
              _InIt=int *,
              _Alloc=std::allocator<float>
          ]
  c:\program files (x86)\microsoft visual studio\2017\community\vc\tools\msvc\14.16.27023\include\vector(1161): note: see reference to function template instantiation 'float *std::vector<float,std::allocator<_Ty>>::_Ucopy<_Iter>(_Iter,_Iter,float *)' being compiled
          with
          [
              _Ty=float,
              _Iter=int *
          ]
  c:\program files (x86)\microsoft visual studio\2017\community\vc\tools\msvc\14.16.27023\include\vector(1161): note: see reference to function template instantiation 'float *std::vector<float,std::allocator<_Ty>>::_Ucopy<_Iter>(_Iter,_Iter,float *)' being compiled
          with
          [
              _Ty=float,
              _Iter=int *
          ]
  c:\program files (x86)\microsoft visual studio\2017\community\vc\tools\msvc\14.16.27023\include\vector(1261): note: see reference to function template instantiation 'void std::vector<float,std::allocator<_Ty>>::_Insert_range<int*>(std::_Vector_const_iterator<std::_Vector_val<std::_Simple_types<_Ty>>>,_Iter,_Iter,std::forward_iterator_tag)' being compiled
          with
          [
              _Ty=float,
              _Iter=int *
          ]
  c:\program files (x86)\microsoft visual studio\2017\community\vc\tools\msvc\14.16.27023\include\vector(1261): note: see reference to function template instantiation 'void std::vector<float,std::allocator<_Ty>>::_Insert_range<int*>(std::_Vector_const_iterator<std::_Vector_val<std::_Simple_types<_Ty>>>,_Iter,_Iter,std::forward_iterator_tag)' being compiled
          with
          [
              _Ty=float,
              _Iter=int *
          ]
  c:\users\student\desktop\assignment v5\tutorial 1\assignment.cpp(121): note: see reference to function template instantiation 'std::_Vector_iterator<std::_Vector_val<std::_Simple_types<_Ty>>> std::vector<_Ty,std::allocator<_Ty>>::insert<std::_Vector_iterator<std::_Vector_val<std::_Simple_types<int>>>,void>(std::_Vector_const_iterator<std::_Vector_val<std::_Simple_types<_Ty>>>,_Iter,_Iter)' being compiled
          with
          [
              _Ty=float,
              _Iter=std::_Vector_iterator<std::_Vector_val<std::_Simple_types<cl_int>>>
          ]
  c:\users\student\desktop\assignment v5\tutorial 1\assignment.cpp(121): note: see reference to function template instantiation 'std::_Vector_iterator<std::_Vector_val<std::_Simple_types<_Ty>>> std::vector<_Ty,std::allocator<_Ty>>::insert<std::_Vector_iterator<std::_Vector_val<std::_Simple_types<int>>>,void>(std::_Vector_const_iterator<std::_Vector_val<std::_Simple_types<_Ty>>>,_Iter,_Iter)' being compiled
          with
          [
              _Ty=float,
              _Iter=std::_Vector_iterator<std::_Vector_val<std::_Simple_types<cl_int>>>
          ]
  Generating code
  1 of 1017 functions (<0.1%) were compiled, the rest were copied from previous compilation.
    0 functions were new in current compilation
    7 functions had inline decision re-evaluated but remain unchanged
  Finished generating code
  Tutorial 1.vcxproj -> C:\Users\Student\Desktop\Assignment V5\x64\Release\Assignment.exe
  my_kernels_1.cl
          1 file(s) copied.
